{
  "RSpec": {
    "coverage": {
      "/Users/MichaelHolubowski/Desktop/Coding/Code_For_America/address-normalizer/app.rb": [
        null,
        null,
        1,
        1,
        null,
        null,
        1,
        1,
        1,
        1,
        null,
        null,
        1,
        null,
        null,
        null,
        1,
        1,
        1,
        null,
        null,
        1,
        0,
        null,
        null,
        1,
        1,
        null,
        1,
        1,
        1,
        1,
        null,
        null,
        1,
        null,
        0,
        null,
        null,
        null,
        1,
        1,
        null,
        1,
        null,
        null,
        1,
        0,
        0,
        null,
        null,
        1,
        0,
        null,
        null,
        1,
        0,
        0,
        null,
        null,
        1,
        0,
        0,
        null,
        null,
        0,
        null,
        null,
        1,
        0,
        null,
        null,
        1,
        0,
        0,
        null,
        null,
        null
      ],
      "/Users/MichaelHolubowski/Desktop/Coding/Code_For_America/address-normalizer/models/address_set.rb": [
        1,
        null,
        1,
        null,
        1,
        1,
        null,
        1,
        null,
        null,
        1,
        null,
        null,
        null,
        null,
        null,
        1,
        2,
        null,
        null,
        null,
        1,
        0,
        0,
        null,
        0,
        0,
        null,
        null,
        null,
        1,
        0,
        null,
        null,
        1,
        1,
        null,
        null,
        1,
        3,
        13,
        3,
        null,
        null,
        1,
        0,
        null,
        null,
        null,
        null,
        null,
        null,
        1,
        0,
        null,
        null,
        null
      ],
      "/Users/MichaelHolubowski/Desktop/Coding/Code_For_America/address-normalizer/models/tokenized_address.rb": [
        1,
        1,
        null,
        1,
        null,
        1,
        1,
        null,
        1,
        1,
        1,
        1,
        1,
        1,
        1,
        1,
        1,
        1,
        1,
        1,
        1,
        1,
        null,
        null,
        1,
        null,
        1,
        33,
        33,
        null,
        33,
        null,
        33,
        null,
        33,
        33,
        33,
        33,
        33,
        33,
        33,
        33,
        33,
        33,
        33,
        33,
        null,
        null,
        1,
        19,
        null,
        null,
        1,
        216,
        null,
        216,
        216,
        216,
        216,
        216,
        216,
        216,
        216,
        216,
        216,
        216,
        216,
        null,
        216,
        null,
        null,
        1,
        178,
        null,
        null,
        1,
        14,
        null,
        null
      ],
      "/Users/MichaelHolubowski/Desktop/Coding/Code_For_America/address-normalizer/spec/app_spec.rb": [

      ],
      "/Users/MichaelHolubowski/Desktop/Coding/Code_For_America/address-normalizer/spec/tokenized_address_spec.rb": [
        1,
        null,
        1,
        null,
        1,
        1,
        1,
        null,
        1,
        null,
        1,
        null,
        null,
        1,
        1,
        1,
        1,
        null,
        null,
        1,
        1,
        null,
        null,
        1,
        1,
        1,
        1,
        null,
        null,
        1,
        1,
        null,
        1,
        null,
        null,
        1,
        1,
        1,
        null,
        null,
        null
      ]
    },
    "timestamp": 1372439007
  }
}
